# JRE version: OpenJDK Runtime Environment (21.0.5) (build 21.0.5+-12932927-b750.29)
# Java VM: OpenJDK 64-Bit Server VM (21.0.5+-12932927-b750.29, mixed mode, tiered, compressed oops, compressed class ptrs, g1 gc, windows-amd64)
GC Precious Log:
 CardTable entry size: 512
 Card Set container configuration: InlinePtr #cards 5 size 8 Array Of Cards #cards 12 size 40 Howl #buckets 4 coarsen threshold 1843 Howl Bitmap #cards 512 size 80 coarsen threshold 460 Card regions per heap region 1 cards per card region 2048
 CPUs: 12 total, 12 available
 Memory: 5996M
 Large Page Support: Disabled
 NUMA Support: Disabled
 Compressed Oops: Enabled (32-bit)
 Heap Region Size: 1M
 Heap Min Capacity: 8M
 Heap Initial Capacity: 94M
 Heap Max Capacity: 1500M
 Pre-touch: Disabled
 Parallel Workers: 10
 Concurrent Workers: 3
 Concurrent Refinement Workers: 10
 Periodic GC: Disabled
Heap:
 garbage-first heap   total 76800K, used 52118K [0x00000000a2400000, 0x0000000100000000)
  region size 1024K, 11 young (11264K), 3 survivors (3072K)
 Metaspace       used 52687K, committed 53440K, reserved 1114112K
  class space    used 6233K, committed 6592K, reserved 1048576K
GC Heap History (20 events):
Event: 2.253 GC heap before
{Heap before GC invocations=8 (full 0):
 garbage-first heap   total 34816K, used 29185K [0x00000000a2400000, 0x0000000100000000)
  region size 1024K, 13 young (13312K), 2 survivors (2048K)
 Metaspace       used 34311K, committed 34560K, reserved 1114112K
  class space    used 4185K, committed 4288K, reserved 1048576K
}
Event: 2.258 GC heap after
{Heap after GC invocations=9 (full 0):
 garbage-first heap   total 43008K, used 19655K [0x00000000a2400000, 0x0000000100000000)
  region size 1024K, 2 young (2048K), 2 survivors (2048K)
 Metaspace       used 34311K, committed 34560K, reserved 1114112K
  class space    used 4185K, committed 4288K, reserved 1048576K
}
Event: 2.488 GC heap before
{Heap before GC invocations=9 (full 0):
 garbage-first heap   total 43008K, used 33991K [0x00000000a2400000, 0x0000000100000000)
  region size 1024K, 17 young (17408K), 2 survivors (2048K)
 Metaspace       used 37417K, committed 37632K, reserved 1114112K
  class space    used 4444K, committed 4544K, reserved 1048576K
}
Event: 2.496 GC heap after
{Heap after GC invocations=10 (full 0):
 garbage-first heap   total 43008K, used 21342K [0x00000000a2400000, 0x0000000100000000)
  region size 1024K, 3 young (3072K), 3 survivors (3072K)
 Metaspace       used 37417K, committed 37632K, reserved 1114112K
  class space    used 4444K, committed 4544K, reserved 1048576K
}
Event: 2.677 GC heap before
{Heap before GC invocations=10 (full 0):
 garbage-first heap   total 43008K, used 36702K [0x00000000a2400000, 0x0000000100000000)
  region size 1024K, 18 young (18432K), 3 survivors (3072K)
 Metaspace       used 39676K, committed 40384K, reserved 1114112K
  class space    used 4794K, committed 5184K, reserved 1048576K
}
Event: 2.682 GC heap after
{Heap after GC invocations=11 (full 0):
 garbage-first heap   total 43008K, used 23184K [0x00000000a2400000, 0x0000000100000000)
  region size 1024K, 2 young (2048K), 2 survivors (2048K)
 Metaspace       used 39676K, committed 40384K, reserved 1114112K
  class space    used 4794K, committed 5184K, reserved 1048576K
}
Event: 2.999 GC heap before
{Heap before GC invocations=11 (full 0):
 garbage-first heap   total 43008K, used 35472K [0x00000000a2400000, 0x0000000100000000)
  region size 1024K, 15 young (15360K), 2 survivors (2048K)
 Metaspace       used 41915K, committed 42752K, reserved 1114112K
  class space    used 5012K, committed 5440K, reserved 1048576K
}
Event: 3.005 GC heap after
{Heap after GC invocations=12 (full 0):
 garbage-first heap   total 43008K, used 25751K [0x00000000a2400000, 0x0000000100000000)
  region size 1024K, 2 young (2048K), 2 survivors (2048K)
 Metaspace       used 41915K, committed 42752K, reserved 1114112K
  class space    used 5012K, committed 5440K, reserved 1048576K
}
Event: 3.267 GC heap before
{Heap before GC invocations=13 (full 0):
 garbage-first heap   total 45056K, used 35991K [0x00000000a2400000, 0x0000000100000000)
  region size 1024K, 12 young (12288K), 2 survivors (2048K)
 Metaspace       used 44068K, committed 44800K, reserved 1114112K
  class space    used 5273K, committed 5632K, reserved 1048576K
}
Event: 3.271 GC heap after
{Heap after GC invocations=14 (full 0):
 garbage-first heap   total 54272K, used 27308K [0x00000000a2400000, 0x0000000100000000)
  region size 1024K, 2 young (2048K), 2 survivors (2048K)
 Metaspace       used 44068K, committed 44800K, reserved 1114112K
  class space    used 5273K, committed 5632K, reserved 1048576K
}
Event: 3.661 GC heap before
{Heap before GC invocations=14 (full 0):
 garbage-first heap   total 54272K, used 46764K [0x00000000a2400000, 0x0000000100000000)
  region size 1024K, 19 young (19456K), 2 survivors (2048K)
 Metaspace       used 47009K, committed 47744K, reserved 1114112K
  class space    used 5643K, committed 6016K, reserved 1048576K
}
Event: 3.669 GC heap after
{Heap after GC invocations=15 (full 0):
 garbage-first heap   total 54272K, used 31432K [0x00000000a2400000, 0x0000000100000000)
  region size 1024K, 3 young (3072K), 3 survivors (3072K)
 Metaspace       used 47009K, committed 47744K, reserved 1114112K
  class space    used 5643K, committed 6016K, reserved 1048576K
}
Event: 3.928 GC heap before
{Heap before GC invocations=15 (full 0):
 garbage-first heap   total 54272K, used 45768K [0x00000000a2400000, 0x0000000100000000)
  region size 1024K, 18 young (18432K), 3 survivors (3072K)
 Metaspace       used 49470K, committed 50240K, reserved 1114112K
  class space    used 5914K, committed 6272K, reserved 1048576K
}
Event: 3.936 GC heap after
{Heap after GC invocations=16 (full 0):
 garbage-first heap   total 54272K, used 34694K [0x00000000a2400000, 0x0000000100000000)
  region size 1024K, 3 young (3072K), 3 survivors (3072K)
 Metaspace       used 49470K, committed 50240K, reserved 1114112K
  class space    used 5914K, committed 6272K, reserved 1048576K
}
Event: 4.184 GC heap before
{Heap before GC invocations=17 (full 0):
 garbage-first heap   total 58368K, used 46982K [0x00000000a2400000, 0x0000000100000000)
  region size 1024K, 15 young (15360K), 3 survivors (3072K)
 Metaspace       used 49854K, committed 50624K, reserved 1114112K
  class space    used 5943K, committed 6336K, reserved 1048576K
}
Event: 4.194 GC heap after
{Heap after GC invocations=18 (full 0):
 garbage-first heap   total 58368K, used 38806K [0x00000000a2400000, 0x0000000100000000)
  region size 1024K, 2 young (2048K), 2 survivors (2048K)
 Metaspace       used 49854K, committed 50624K, reserved 1114112K
  class space    used 5943K, committed 6336K, reserved 1048576K
}
Event: 4.396 GC heap before
{Heap before GC invocations=18 (full 0):
 garbage-first heap   total 58368K, used 50070K [0x00000000a2400000, 0x0000000100000000)
  region size 1024K, 13 young (13312K), 2 survivors (2048K)
 Metaspace       used 50220K, committed 51008K, reserved 1114112K
  class space    used 5967K, committed 6336K, reserved 1048576K
}
Event: 4.407 GC heap after
{Heap after GC invocations=19 (full 0):
 garbage-first heap   total 58368K, used 41582K [0x00000000a2400000, 0x0000000100000000)
  region size 1024K, 2 young (2048K), 2 survivors (2048K)
 Metaspace       used 50220K, committed 51008K, reserved 1114112K
  class space    used 5967K, committed 6336K, reserved 1048576K
}
Event: 4.646 GC heap before
{Heap before GC invocations=19 (full 0):
 garbage-first heap   total 58368K, used 50798K [0x00000000a2400000, 0x0000000100000000)
  region size 1024K, 11 young (11264K), 2 survivors (2048K)
 Metaspace       used 51696K, committed 52416K, reserved 1114112K
  class space    used 6122K, committed 6464K, reserved 1048576K
}
Event: 4.653 GC heap after
{Heap after GC invocations=20 (full 0):
 garbage-first heap   total 76800K, used 43528K [0x00000000a2400000, 0x0000000100000000)
  region size 1024K, 2 young (2048K), 2 survivors (2048K)
 Metaspace       used 51696K, committed 52416K, reserved 1114112K
  class space    used 6122K, committed 6464K, reserved 1048576K
}

